<?xml version="1.0" encoding="UTF-8"?>
<!-- Generated by org.testng.reporters.JUnitXMLReporter -->
<testsuite ignored="0" hostname="LAPTOP" failures="2" tests="2" name="Test" time="0.125" errors="0" timestamp="07 Mar 2018 18:09:08 GMT">
  <testcase classname="BankBazaar.CreditTest" name="configuretest" time="0.062">
    <failure type="java.lang.NullPointerException">
      <![CDATA[java.lang.NullPointerExceptionat org.openqa.selenium.support.pagefactory.DefaultElementLocator.findElement(DefaultElementLocator.java:69)at org.openqa.selenium.support.pagefactory.internal.LocatingElementHandler.invoke(LocatingElementHandler.java:38)at com.sun.proxy.$Proxy8.click(Unknown Source)at ObjectRepository.GenderSelection.malelink(GenderSelection.java:12)at BankBazaar.CreditTest.configuretest(CreditTest.java:19)... Removed 25 stack frames]]>
    </failure>
  </testcase> <!-- configuretest -->
  <testcase classname="BankBazaar.CreditTest2" name="credittest2" time="0.015">
    <failure type="java.lang.NullPointerException">
      <![CDATA[java.lang.NullPointerExceptionat org.openqa.selenium.interactions.Actions.<init>(Actions.java:44)at ObjectRepository.DraggingSalary.draggingbtn(DraggingSalary.java:19)at BankBazaar.CreditTest2.credittest2(CreditTest2.java:17)... Removed 25 stack frames]]>
    </failure>
  </testcase> <!-- credittest2 -->
</testsuite> <!-- Test -->
